C51 COMPILER V9.56.0.0   WYSWIETLACZLCD                                                    05/27/2017 11:20:15 PAGE 1   


C51 COMPILER V9.56.0.0, COMPILATION OF MODULE WYSWIETLACZLCD
OBJECT MODULE PLACED IN .\Objects\WyswietlaczLCD.obj
COMPILER INVOKED BY: C:\Keil_v5\C51\BIN\C51.EXE WyswietlaczLCD.c OMF2 OPTIMIZE(8,SPEED) BROWSE DEBUG PRINT(.\Listings\Wy
                    -swietlaczLCD.lst) TABS(2) OBJECT(.\Objects\WyswietlaczLCD.obj)

line level    source

   1          #include <REGX52.H>
   2          
   3          extern void LcdInit();
   4          extern void LcdWelcome();
   5          extern void Lcd_Cursor (char row, char column);
   6          extern void Lcd_DisplayCharacter (char a_char);
   7          extern void Lcd_DisplayString (char row, char column, char *string);
   8          extern void Lcd_WriteControl (unsigned char LcdCommand);
   9          
  10          unsigned char data Var1, Var2, Var3;
  11          unsigned char data Bufor[] = {"Lukasz Tymoszuk"};
  12          unsigned char data ClearLine[] = {"                "};
  13          unsigned char data LoadingChars[] = {0x00,0x01,0x02,0x03,0x04};
  14            
  15          unsigned char CurrentLoadingChar;
  16          unsigned char Wiersz;
  17          unsigned char Kolumna;
  18          unsigned char DlugoscBufora;
  19          unsigned char Loading;
  20          
  21          void LoadingOnOff(){
  22   1        TR1=!TR1;
  23   1      }
  24          
  25          void PrzesunDoGory(){
  26   1        Lcd_DisplayString (Wiersz,1,ClearLine);
  27   1        Wiersz--;
  28   1        if(Wiersz==0)Wiersz=4;
  29   1        Lcd_DisplayString (Wiersz,Kolumna,Bufor);
  30   1      }
  31          
  32          void PrzesunDoDolu(){
  33   1        Lcd_DisplayString (Wiersz,1,ClearLine);
  34   1        Wiersz++;
  35   1        if(Wiersz==5)Wiersz=1;
  36   1        Lcd_DisplayString (Wiersz,Kolumna,Bufor);
  37   1      }
  38          
  39          void PrzesunWLewo(){
  40   1        Lcd_DisplayString (Wiersz,1,ClearLine);
  41   1        if(Kolumna>1)Kolumna--;
  42   1        Lcd_DisplayString (Wiersz,Kolumna,Bufor);
  43   1      }
  44          
  45          void PrzesunWPrawo(){
  46   1        Lcd_DisplayString (Wiersz,1,ClearLine);
  47   1        if(DlugoscBufora+Kolumna<17)Kolumna++;
  48   1        Lcd_DisplayString (Wiersz,Kolumna,Bufor);
  49   1      }
  50          
  51          
  52          void ISR_INT0() interrupt 0{
  53   1        //PrzesunDoGory();
  54   1        //PrzesunWLewo();
C51 COMPILER V9.56.0.0   WYSWIETLACZLCD                                                    05/27/2017 11:20:15 PAGE 2   

  55   1        LoadingOnOff();
  56   1      }
  57          
  58          void ISR_INT1() interrupt 2{
  59   1        //PrzesunDoDolu();
  60   1        //PrzesunWPrawo();
  61   1      }
  62          
  63          void ISR_Timer1() interrupt 3{
  64   1        TR1=0;
  65   1        Loading++;
  66   1        if(Loading==80){
  67   2          Loading=0;
  68   2          Lcd_DisplayString (2,1,ClearLine);
  69   2        }
  70   1        
  71   1        CurrentLoadingChar = LoadingChars[Loading%5];
  72   1        Lcd_Cursor(2, (Loading/5)+1);
  73   1        Lcd_DisplayCharacter(CurrentLoadingChar);
  74   1        
  75   1        TH1=0xC0;
  76   1        TL1=0x00;
  77   1        TR1=1;
  78   1      }
  79          
  80          void init(){
  81   1        Wiersz = 1;
  82   1        Kolumna = 1;
  83   1        DlugoscBufora=15;
  84   1        EX0=1;
  85   1        EX1=1;
  86   1        IT0=1;
  87   1        IT1=1;
  88   1        
  89   1        ET1=1;
  90   1        TMOD=0x10;
  91   1        
  92   1        EA=1;
  93   1      }
  94          
  95          void main(void){
  96   1        LcdInit();
  97   1        init();
  98   1        LcdWelcome();
  99   1        while(1);
 100   1      }


MODULE INFORMATION:   STATIC OVERLAYABLE
   CODE SIZE        =    324    ----
   CONSTANT SIZE    =   ----    ----
   XDATA SIZE       =   ----    ----
   PDATA SIZE       =   ----    ----
   DATA SIZE        =     46    ----
   IDATA SIZE       =   ----    ----
   BIT SIZE         =   ----    ----
   EDATA SIZE       =   ----    ----
   HDATA SIZE       =   ----    ----
   XDATA CONST SIZE =   ----    ----
   FAR CONST SIZE   =   ----    ----
END OF MODULE INFORMATION.


C51 COMPILATION COMPLETE.  0 WARNING(S),  0 ERROR(S)
