C51 COMPILER V9.56.0.0   KLAAWIATURAPOWIERSZACH                                            05/26/2017 21:23:21 PAGE 1   


C51 COMPILER V9.56.0.0, COMPILATION OF MODULE KLAAWIATURAPOWIERSZACH
OBJECT MODULE PLACED IN .\Objects\KlaawiaturaPoWierszach.obj
COMPILER INVOKED BY: C:\Keil_v5\C51\BIN\C51.EXE KlaawiaturaPoWierszach.c OMF2 OPTIMIZE(8,SPEED) BROWSE DEBUG PRINT(.\Lis
                    -tings\KlaawiaturaPoWierszach.lst) TABS(2) OBJECT(.\Objects\KlaawiaturaPoWierszach.obj)

line level    source

   1          #include <REGX52.H>
   2          #define TH0_Value 0x00;
   3          #define TL0_Value 0x00;
   4          
   5          char code wiersze[4] = {0xEF, 0xDF, 0xBF, 0x7F};
   6          char code klawisze[12] = {0xE7, 0xEB, 0xED, 0xD7, 0xDB, 0xDD, 0xB7, 0xBB, 0xBD, 0x77, 0x7B, 0x7D};
   7          char code dekoder[10]={0x3F,0x06,0x5B,0x4F,0x66,0x6D,0x7D,0x07,0x7F,0x6F};
   8          
   9          char Lewy;
  10          char Prawy;
  11          char FlagaEkranu;
  12          
  13          void ISR_INT0(void) interrupt 0{
  14   1        Prawy++;
  15   1        if(Prawy==10){
  16   2          Prawy=0;
  17   2          Lewy++;
  18   2        }
  19   1        if(Prawy==10)Prawy=0;
  20   1      }
  21          
  22          void ISR_INT1(void) interrupt 2{
  23   1        Prawy--;
  24   1        if(Prawy==-1){
  25   2          Prawy=9;
  26   2          Lewy--;
  27   2        }
  28   1        if(Lewy==-1)Lewy=9;
  29   1      }
  30          
  31          void zmienEkran(void){
  32   1        if(P3_0==0){
  33   2          P3_0=1;
  34   2          P3_1=0;
  35   2        }
  36   1        else{
  37   2          P3_0=0;
  38   2          P3_1=1;
  39   2        }
  40   1      }
  41          
  42          
  43          void ISR_Timer0(void) interrupt 1{
  44   1        P2=0x00;
  45   1        TR0=0;
  46   1        if(FlagaEkranu==0){
  47   2          P2=dekoder[Prawy];
  48   2          P3_0=1;
  49   2          P3_1=0;
  50   2          FlagaEkranu=1;
  51   2        }
  52   1        else{
  53   2          P2=dekoder[Lewy];
  54   2          P3_0=0;
C51 COMPILER V9.56.0.0   KLAAWIATURAPOWIERSZACH                                            05/26/2017 21:23:21 PAGE 2   

  55   2          P3_1=1;
  56   2          FlagaEkranu=0;
  57   2        }
  58   1        TH0 = TH0_Value;
  59   1        TL0 = TL0_Value;
  60   1        TR0=1;
  61   1      }
  62          
  63          void init(void){
  64   1        Lewy=0;
  65   1        Prawy=0;
  66   1        P2=0x00;
  67   1        P3_0=1;
  68   1        P3_1=0;
  69   1        FlagaEkranu=0;
  70   1        EX0=1;
  71   1        EX1=1;
  72   1        IT0=1;
  73   1        IT1=1;
  74   1        TMOD=0x01;
  75   1        TH0=TH0_Value;
  76   1        TL0=TL0_Value;
  77   1        ET0=1;
  78   1        EA=1;
  79   1        TR0=1;
  80   1      }
  81          
  82          void main(void){
  83   1        char i = 0;
  84   1        char j = 0;
  85   1        char k =0;
  86   1        char val = 0;
  87   1        int flaga = 0;
  88   1        char nacisniety = 0x00;
  89   1        char nacisniety1 = 0x00;
  90   1        char nacisniety2 = 0x00;
  91   1        init();
  92   1        while(1){
  93   2          if(i==4)i=0;
  94   2          if(j==12)j=0;
  95   2          P1 = wiersze[i++];
  96   2          val = P1;
  97   2          if(val != wiersze[i-1]){
  98   3            for(k=0;k<3;k++){
  99   4              if(val == klawisze[j++]){
 100   5                while(P1==klawisze[j-1]);
 101   5                nacisniety=j;
 102   5                flaga = 1;
 103   5              }
 104   4            }
 105   3          }
 106   2          else j+=3;
 107   2          if(flaga==1){
 108   3            flaga  = 0;
 109   3            if(nacisniety == 10){
 110   4              Prawy=nacisniety1;
 111   4              Lewy=nacisniety2;
 112   4              nacisniety1 = 0x00;
 113   4              nacisniety2 = 0x00;
 114   4            }
 115   3            else{
 116   4              nacisniety2 = nacisniety1;
C51 COMPILER V9.56.0.0   KLAAWIATURAPOWIERSZACH                                            05/26/2017 21:23:21 PAGE 3   

 117   4              if(nacisniety==11)nacisniety=0;
 118   4              nacisniety1 = nacisniety;
 119   4            }
 120   3          }
 121   2        }
 122   1      }


MODULE INFORMATION:   STATIC OVERLAYABLE
   CODE SIZE        =    397    ----
   CONSTANT SIZE    =     26    ----
   XDATA SIZE       =   ----    ----
   PDATA SIZE       =   ----    ----
   DATA SIZE        =      3       4
   IDATA SIZE       =   ----    ----
   BIT SIZE         =   ----    ----
   EDATA SIZE       =   ----    ----
   HDATA SIZE       =   ----    ----
   XDATA CONST SIZE =   ----    ----
   FAR CONST SIZE   =   ----    ----
END OF MODULE INFORMATION.


C51 COMPILATION COMPLETE.  0 WARNING(S),  0 ERROR(S)
