C51 COMPILER V9.56.0.0   7SEG                                                              05/26/2017 21:10:04 PAGE 1   


C51 COMPILER V9.56.0.0, COMPILATION OF MODULE 7SEG
OBJECT MODULE PLACED IN .\Objects\7SEG.obj
COMPILER INVOKED BY: C:\Keil_v5\C51\BIN\C51.EXE 7SEG.c OMF2 OPTIMIZE(8,SPEED) BROWSE DEBUG PRINT(.\Listings\7SEG.lst) TA
                    -BS(2) OBJECT(.\Objects\7SEG.obj)

line level    source

   1          #include <REGX52.H>
   2          #define TH0_Value 0x00;
   3          #define TL0_Value 0x00;
   4          
   5          char code wiersze[4] = {0xEF, 0xDF, 0xBF, 0x7F};
   6          char code klawisze[12] = {0xE7, 0xEB, 0xED, 0xD7, 0xDB, 0xDD, 0xB7, 0xBB, 0xBD, 0x77, 0x7B, 0x7D};
   7          char code dekoder[10]={0x3F,0x06,0x5B,0x4F,0x66,0x6D,0x7D,0x07,0x7F,0x6F};
   8          char code slimakTab[19]={0x01,0x02,0x04, 0x08, 0x08, 0x10, 0x20, 0x01, 0x01, 0x02, 0x40, 0x40, 0x20, 0x01,
             - 0x01, 0x02, 0x40, 0x20, 0x01 };
   9          
  10          char Lewy;
  11          char Prawy;
  12          char FlagaEkranu;
  13          char counterSlimaka;
  14          
  15          void ISR_INT0(void) interrupt 0{
  16   1        Prawy++;
  17   1        if(Prawy==10){
  18   2          Prawy=0;
  19   2          Lewy++;
  20   2        }
  21   1        if(Prawy==10)Prawy=0;
  22   1      }
  23          
  24          void ISR_INT1(void) interrupt 2{
  25   1        Prawy--;
  26   1        if(Prawy==-1){
  27   2          Prawy=9;
  28   2          Lewy--;
  29   2        }
  30   1        if(Lewy==-1)Lewy=9;
  31   1      }
  32          
  33          void zmienEkran(void){
  34   1        if(P3_0==0){
  35   2          P3_0=1;
  36   2          P3_1=0;
  37   2        }
  38   1        else{
  39   2          P3_0=0;
  40   2          P3_1=1;
  41   2        }
  42   1      }
  43          
  44          void slimak(void) interrupt 1{
  45   1        P2=0x00;
  46   1        if(counterSlimaka==4 || counterSlimaka==8 || counterSlimaka==12 || counterSlimaka==15)zmienEkran();
  47   1        P2=slimakTab[counterSlimaka];
  48   1        counterSlimaka++;
  49   1        if(counterSlimaka==19)counterSlimaka=0;
  50   1      }
  51          
  52          
  53          
C51 COMPILER V9.56.0.0   7SEG                                                              05/26/2017 21:10:04 PAGE 2   

  54          void ISR_Timer0(void){
  55   1        P2=0x00;
  56   1        TR0=0;
  57   1        if(FlagaEkranu==0){
  58   2          P2=dekoder[Prawy];
  59   2          P3_0=1;
  60   2          P3_1=0;
  61   2          FlagaEkranu=1;
  62   2        }
  63   1        else{
  64   2          P2=dekoder[Lewy];
  65   2          P3_0=0;
  66   2          P3_1=1;
  67   2          FlagaEkranu=0;
  68   2        }
  69   1        TH0 = TH0_Value;
  70   1        TL0 = TL0_Value;
  71   1        TR0=1;
  72   1      }
  73          
  74          void init(void){
  75   1        Lewy=0;
  76   1        Prawy=0;
  77   1        P2=0x00;
  78   1        P3_0=1;
  79   1        P3_1=0;
  80   1        FlagaEkranu=0;
  81   1        counterSlimaka=0;
  82   1        EX0=1;
  83   1        EX1=1;
  84   1        IT0=1;
  85   1        IT1=1;
  86   1        TMOD=0x01;
  87   1        TH0=TH0_Value;
  88   1        TL0=TL0_Value;
  89   1        ET0=1;
  90   1        EA=1;
  91   1        TR0=1;
  92   1      }
  93          
  94          void main(void){
  95   1        char i = 0;
  96   1        char j = 0;
  97   1        char k =0;
  98   1        char val = 0;
  99   1        int flaga = 0;
 100   1        char nacisniety = 0x00;
 101   1        char nacisniety1 = 0x00;
 102   1        char nacisniety2 = 0x00;
 103   1        init();
 104   1        while(1){
 105   2          if(i==4)i=0;
 106   2          if(j==12)j=0;
 107   2          P1 = wiersze[i++];
 108   2          val = P1;
 109   2          if(val != wiersze[i-1]){
 110   3            for(k=0;k<3;k++){
 111   4              if(val == klawisze[j++]){
 112   5                while(P1==klawisze[j-1]);
 113   5                nacisniety=j;
 114   5                flaga = 1;
 115   5              }
C51 COMPILER V9.56.0.0   7SEG                                                              05/26/2017 21:10:04 PAGE 3   

 116   4            }
 117   3          }
 118   2          else j+=3;
 119   2          if(flaga==1){
 120   3            flaga  = 0;
 121   3            if(nacisniety == 10){
 122   4              Prawy=nacisniety1;
 123   4              Lewy=nacisniety2;
 124   4              nacisniety1 = 0x00;
 125   4              nacisniety2 = 0x00;
 126   4            }
 127   3            else{
 128   4              nacisniety2 = nacisniety1;
 129   4              if(nacisniety==11)nacisniety=0;
 130   4              nacisniety1 = nacisniety;
 131   4            }
 132   3          }
 133   2        }
 134   1      }


MODULE INFORMATION:   STATIC OVERLAYABLE
   CODE SIZE        =    459    ----
   CONSTANT SIZE    =     45    ----
   XDATA SIZE       =   ----    ----
   PDATA SIZE       =   ----    ----
   DATA SIZE        =      4       4
   IDATA SIZE       =   ----    ----
   BIT SIZE         =   ----    ----
   EDATA SIZE       =   ----    ----
   HDATA SIZE       =   ----    ----
   XDATA CONST SIZE =   ----    ----
   FAR CONST SIZE   =   ----    ----
END OF MODULE INFORMATION.


C51 COMPILATION COMPLETE.  0 WARNING(S),  0 ERROR(S)
